<?xml version="1.0" encoding="UTF-8"?>
<testsuite xmlns:xsi="http://www.w3.org/2001/XMLSchema-instance" xsi:noNamespaceSchemaLocation="https://maven.apache.org/surefire/maven-surefire-plugin/xsd/surefire-test-report-3.0.xsd" version="3.0" name="com.example.jarvis.JarvisApplicationTests" time="9.474" tests="1" errors="0" skipped="0" failures="0">
  <properties>
    <property name="java.specification.version" value="21"/>
    <property name="sun.jnu.encoding" value="UTF-8"/>
    <property name="java.class.path" value="/home/ttpl-lnv14-08/Downloads/Jarvis/target/test-classes:/home/ttpl-lnv14-08/Downloads/Jarvis/target/classes:/home/ttpl-lnv14-08/.m2/repository/org/springframework/boot/spring-boot-starter-data-jpa/3.3.2/spring-boot-starter-data-jpa-3.3.2.jar:/home/ttpl-lnv14-08/.m2/repository/org/springframework/boot/spring-boot-starter-aop/3.3.2/spring-boot-starter-aop-3.3.2.jar:/home/ttpl-lnv14-08/.m2/repository/org/aspectj/aspectjweaver/1.9.22.1/aspectjweaver-1.9.22.1.jar:/home/ttpl-lnv14-08/.m2/repository/org/springframework/boot/spring-boot-starter-jdbc/3.3.2/spring-boot-starter-jdbc-3.3.2.jar:/home/ttpl-lnv14-08/.m2/repository/com/zaxxer/HikariCP/5.1.0/HikariCP-5.1.0.jar:/home/ttpl-lnv14-08/.m2/repository/org/springframework/spring-jdbc/6.1.11/spring-jdbc-6.1.11.jar:/home/ttpl-lnv14-08/.m2/repository/org/hibernate/orm/hibernate-core/6.5.2.Final/hibernate-core-6.5.2.Final.jar:/home/ttpl-lnv14-08/.m2/repository/jakarta/persistence/jakarta.persistence-api/3.1.0/jakarta.persistence-api-3.1.0.jar:/home/ttpl-lnv14-08/.m2/repository/jakarta/transaction/jakarta.transaction-api/2.0.1/jakarta.transaction-api-2.0.1.jar:/home/ttpl-lnv14-08/.m2/repository/org/hibernate/common/hibernate-commons-annotations/6.0.6.Final/hibernate-commons-annotations-6.0.6.Final.jar:/home/ttpl-lnv14-08/.m2/repository/io/smallrye/jandex/3.1.2/jandex-3.1.2.jar:/home/ttpl-lnv14-08/.m2/repository/com/fasterxml/classmate/1.7.0/classmate-1.7.0.jar:/home/ttpl-lnv14-08/.m2/repository/net/bytebuddy/byte-buddy/1.14.18/byte-buddy-1.14.18.jar:/home/ttpl-lnv14-08/.m2/repository/org/glassfish/jaxb/jaxb-runtime/4.0.5/jaxb-runtime-4.0.5.jar:/home/ttpl-lnv14-08/.m2/repository/jakarta/inject/jakarta.inject-api/2.0.1/jakarta.inject-api-2.0.1.jar:/home/ttpl-lnv14-08/.m2/repository/org/antlr/antlr4-runtime/4.13.0/antlr4-runtime-4.13.0.jar:/home/ttpl-lnv14-08/.m2/repository/org/springframework/data/spring-data-jpa/3.3.2/spring-data-jpa-3.3.2.jar:/home/ttpl-lnv14-08/.m2/repository/org/springframework/data/spring-data-commons/3.3.2/spring-data-commons-3.3.2.jar:/home/ttpl-lnv14-08/.m2/repository/org/springframework/spring-orm/6.1.11/spring-orm-6.1.11.jar:/home/ttpl-lnv14-08/.m2/repository/org/springframework/spring-tx/6.1.11/spring-tx-6.1.11.jar:/home/ttpl-lnv14-08/.m2/repository/jakarta/annotation/jakarta.annotation-api/2.1.1/jakarta.annotation-api-2.1.1.jar:/home/ttpl-lnv14-08/.m2/repository/org/springframework/spring-aspects/6.1.11/spring-aspects-6.1.11.jar:/home/ttpl-lnv14-08/.m2/repository/org/springframework/boot/spring-boot-starter-web/3.3.2/spring-boot-starter-web-3.3.2.jar:/home/ttpl-lnv14-08/.m2/repository/org/springframework/boot/spring-boot-starter/3.3.2/spring-boot-starter-3.3.2.jar:/home/ttpl-lnv14-08/.m2/repository/org/springframework/boot/spring-boot-starter-logging/3.3.2/spring-boot-starter-logging-3.3.2.jar:/home/ttpl-lnv14-08/.m2/repository/ch/qos/logback/logback-classic/1.5.6/logback-classic-1.5.6.jar:/home/ttpl-lnv14-08/.m2/repository/ch/qos/logback/logback-core/1.5.6/logback-core-1.5.6.jar:/home/ttpl-lnv14-08/.m2/repository/org/apache/logging/log4j/log4j-to-slf4j/2.23.1/log4j-to-slf4j-2.23.1.jar:/home/ttpl-lnv14-08/.m2/repository/org/apache/logging/log4j/log4j-api/2.23.1/log4j-api-2.23.1.jar:/home/ttpl-lnv14-08/.m2/repository/org/slf4j/jul-to-slf4j/2.0.13/jul-to-slf4j-2.0.13.jar:/home/ttpl-lnv14-08/.m2/repository/org/springframework/boot/spring-boot-starter-json/3.3.2/spring-boot-starter-json-3.3.2.jar:/home/ttpl-lnv14-08/.m2/repository/com/fasterxml/jackson/datatype/jackson-datatype-jdk8/2.17.2/jackson-datatype-jdk8-2.17.2.jar:/home/ttpl-lnv14-08/.m2/repository/com/fasterxml/jackson/datatype/jackson-datatype-jsr310/2.17.2/jackson-datatype-jsr310-2.17.2.jar:/home/ttpl-lnv14-08/.m2/repository/com/fasterxml/jackson/module/jackson-module-parameter-names/2.17.2/jackson-module-parameter-names-2.17.2.jar:/home/ttpl-lnv14-08/.m2/repository/org/springframework/boot/spring-boot-starter-tomcat/3.3.2/spring-boot-starter-tomcat-3.3.2.jar:/home/ttpl-lnv14-08/.m2/repository/org/apache/tomcat/embed/tomcat-embed-core/10.1.26/tomcat-embed-core-10.1.26.jar:/home/ttpl-lnv14-08/.m2/repository/org/apache/tomcat/embed/tomcat-embed-el/10.1.26/tomcat-embed-el-10.1.26.jar:/home/ttpl-lnv14-08/.m2/repository/org/apache/tomcat/embed/tomcat-embed-websocket/10.1.26/tomcat-embed-websocket-10.1.26.jar:/home/ttpl-lnv14-08/.m2/repository/org/springframework/spring-web/6.1.11/spring-web-6.1.11.jar:/home/ttpl-lnv14-08/.m2/repository/org/springframework/spring-webmvc/6.1.11/spring-webmvc-6.1.11.jar:/home/ttpl-lnv14-08/.m2/repository/org/springframework/spring-expression/6.1.11/spring-expression-6.1.11.jar:/home/ttpl-lnv14-08/.m2/repository/org/projectlombok/lombok/1.18.34/lombok-1.18.34.jar:/home/ttpl-lnv14-08/.m2/repository/org/liquibase/liquibase-core/4.27.0/liquibase-core-4.27.0.jar:/home/ttpl-lnv14-08/.m2/repository/com/opencsv/opencsv/5.9/opencsv-5.9.jar:/home/ttpl-lnv14-08/.m2/repository/org/apache/commons/commons-text/1.11.0/commons-text-1.11.0.jar:/home/ttpl-lnv14-08/.m2/repository/org/apache/commons/commons-collections4/4.4/commons-collections4-4.4.jar:/home/ttpl-lnv14-08/.m2/repository/org/yaml/snakeyaml/2.2/snakeyaml-2.2.jar:/home/ttpl-lnv14-08/.m2/repository/javax/xml/bind/jaxb-api/2.3.1/jaxb-api-2.3.1.jar:/home/ttpl-lnv14-08/.m2/repository/org/apache/commons/commons-lang3/3.14.0/commons-lang3-3.14.0.jar:/home/ttpl-lnv14-08/.m2/repository/org/springframework/cloud/spring-cloud-starter-openfeign/4.1.3/spring-cloud-starter-openfeign-4.1.3.jar:/home/ttpl-lnv14-08/.m2/repository/org/springframework/cloud/spring-cloud-starter/4.1.4/spring-cloud-starter-4.1.4.jar:/home/ttpl-lnv14-08/.m2/repository/org/springframework/cloud/spring-cloud-context/4.1.4/spring-cloud-context-4.1.4.jar:/home/ttpl-lnv14-08/.m2/repository/org/springframework/security/spring-security-rsa/1.1.3/spring-security-rsa-1.1.3.jar:/home/ttpl-lnv14-08/.m2/repository/org/springframework/cloud/spring-cloud-openfeign-core/4.1.3/spring-cloud-openfeign-core-4.1.3.jar:/home/ttpl-lnv14-08/.m2/repository/io/github/openfeign/form/feign-form-spring/3.8.0/feign-form-spring-3.8.0.jar:/home/ttpl-lnv14-08/.m2/repository/io/github/openfeign/form/feign-form/3.8.0/feign-form-3.8.0.jar:/home/ttpl-lnv14-08/.m2/repository/commons-fileupload/commons-fileupload/1.5/commons-fileupload-1.5.jar:/home/ttpl-lnv14-08/.m2/repository/org/springframework/cloud/spring-cloud-commons/4.1.4/spring-cloud-commons-4.1.4.jar:/home/ttpl-lnv14-08/.m2/repository/org/springframework/security/spring-security-crypto/6.3.1/spring-security-crypto-6.3.1.jar:/home/ttpl-lnv14-08/.m2/repository/io/github/openfeign/feign-core/13.3/feign-core-13.3.jar:/home/ttpl-lnv14-08/.m2/repository/io/github/openfeign/feign-slf4j/13.3/feign-slf4j-13.3.jar:/home/ttpl-lnv14-08/.m2/repository/org/springframework/boot/spring-boot-devtools/3.3.2/spring-boot-devtools-3.3.2.jar:/home/ttpl-lnv14-08/.m2/repository/org/springframework/boot/spring-boot/3.3.2/spring-boot-3.3.2.jar:/home/ttpl-lnv14-08/.m2/repository/org/springframework/boot/spring-boot-autoconfigure/3.3.2/spring-boot-autoconfigure-3.3.2.jar:/home/ttpl-lnv14-08/.m2/repository/org/postgresql/postgresql/42.7.3/postgresql-42.7.3.jar:/home/ttpl-lnv14-08/.m2/repository/org/checkerframework/checker-qual/3.42.0/checker-qual-3.42.0.jar:/home/ttpl-lnv14-08/.m2/repository/org/springframework/boot/spring-boot-starter-test/3.3.2/spring-boot-starter-test-3.3.2.jar:/home/ttpl-lnv14-08/.m2/repository/org/springframework/boot/spring-boot-test/3.3.2/spring-boot-test-3.3.2.jar:/home/ttpl-lnv14-08/.m2/repository/org/springframework/boot/spring-boot-test-autoconfigure/3.3.2/spring-boot-test-autoconfigure-3.3.2.jar:/home/ttpl-lnv14-08/.m2/repository/com/jayway/jsonpath/json-path/2.9.0/json-path-2.9.0.jar:/home/ttpl-lnv14-08/.m2/repository/jakarta/xml/bind/jakarta.xml.bind-api/4.0.2/jakarta.xml.bind-api-4.0.2.jar:/home/ttpl-lnv14-08/.m2/repository/jakarta/activation/jakarta.activation-api/2.1.3/jakarta.activation-api-2.1.3.jar:/home/ttpl-lnv14-08/.m2/repository/net/minidev/json-smart/2.5.1/json-smart-2.5.1.jar:/home/ttpl-lnv14-08/.m2/repository/net/minidev/accessors-smart/2.5.1/accessors-smart-2.5.1.jar:/home/ttpl-lnv14-08/.m2/repository/org/ow2/asm/asm/9.6/asm-9.6.jar:/home/ttpl-lnv14-08/.m2/repository/org/assertj/assertj-core/3.25.3/assertj-core-3.25.3.jar:/home/ttpl-lnv14-08/.m2/repository/org/awaitility/awaitility/4.2.1/awaitility-4.2.1.jar:/home/ttpl-lnv14-08/.m2/repository/org/hamcrest/hamcrest/2.2/hamcrest-2.2.jar:/home/ttpl-lnv14-08/.m2/repository/org/junit/jupiter/junit-jupiter/5.10.3/junit-jupiter-5.10.3.jar:/home/ttpl-lnv14-08/.m2/repository/org/junit/jupiter/junit-jupiter-api/5.10.3/junit-jupiter-api-5.10.3.jar:/home/ttpl-lnv14-08/.m2/repository/org/opentest4j/opentest4j/1.3.0/opentest4j-1.3.0.jar:/home/ttpl-lnv14-08/.m2/repository/org/junit/platform/junit-platform-commons/1.10.3/junit-platform-commons-1.10.3.jar:/home/ttpl-lnv14-08/.m2/repository/org/apiguardian/apiguardian-api/1.1.2/apiguardian-api-1.1.2.jar:/home/ttpl-lnv14-08/.m2/repository/org/junit/jupiter/junit-jupiter-params/5.10.3/junit-jupiter-params-5.10.3.jar:/home/ttpl-lnv14-08/.m2/repository/org/junit/jupiter/junit-jupiter-engine/5.10.3/junit-jupiter-engine-5.10.3.jar:/home/ttpl-lnv14-08/.m2/repository/org/junit/platform/junit-platform-engine/1.10.3/junit-platform-engine-1.10.3.jar:/home/ttpl-lnv14-08/.m2/repository/org/mockito/mockito-core/5.11.0/mockito-core-5.11.0.jar:/home/ttpl-lnv14-08/.m2/repository/net/bytebuddy/byte-buddy-agent/1.14.18/byte-buddy-agent-1.14.18.jar:/home/ttpl-lnv14-08/.m2/repository/org/objenesis/objenesis/3.3/objenesis-3.3.jar:/home/ttpl-lnv14-08/.m2/repository/org/mockito/mockito-junit-jupiter/5.11.0/mockito-junit-jupiter-5.11.0.jar:/home/ttpl-lnv14-08/.m2/repository/org/skyscreamer/jsonassert/1.5.3/jsonassert-1.5.3.jar:/home/ttpl-lnv14-08/.m2/repository/com/vaadin/external/google/android-json/0.0.20131108.vaadin1/android-json-0.0.20131108.vaadin1.jar:/home/ttpl-lnv14-08/.m2/repository/org/springframework/spring-core/6.1.11/spring-core-6.1.11.jar:/home/ttpl-lnv14-08/.m2/repository/org/springframework/spring-jcl/6.1.11/spring-jcl-6.1.11.jar:/home/ttpl-lnv14-08/.m2/repository/org/springframework/spring-test/6.1.11/spring-test-6.1.11.jar:/home/ttpl-lnv14-08/.m2/repository/org/xmlunit/xmlunit-core/2.9.1/xmlunit-core-2.9.1.jar:/home/ttpl-lnv14-08/.m2/repository/org/keycloak/keycloak-admin-client/24.0.4/keycloak-admin-client-24.0.4.jar:/home/ttpl-lnv14-08/.m2/repository/org/keycloak/keycloak-core/24.0.4/keycloak-core-24.0.4.jar:/home/ttpl-lnv14-08/.m2/repository/org/keycloak/keycloak-common/24.0.4/keycloak-common-24.0.4.jar:/home/ttpl-lnv14-08/.m2/repository/org/jboss/resteasy/resteasy-client/6.2.7.Final/resteasy-client-6.2.7.Final.jar:/home/ttpl-lnv14-08/.m2/repository/org/jboss/resteasy/resteasy-client-api/6.2.7.Final/resteasy-client-api-6.2.7.Final.jar:/home/ttpl-lnv14-08/.m2/repository/org/jboss/resteasy/resteasy-core-spi/6.2.7.Final/resteasy-core-spi-6.2.7.Final.jar:/home/ttpl-lnv14-08/.m2/repository/jakarta/validation/jakarta.validation-api/3.0.2/jakarta.validation-api-3.0.2.jar:/home/ttpl-lnv14-08/.m2/repository/org/jboss/resteasy/resteasy-core/6.2.7.Final/resteasy-core-6.2.7.Final.jar:/home/ttpl-lnv14-08/.m2/repository/org/jboss/jandex/2.4.4.Final/jandex-2.4.4.Final.jar:/home/ttpl-lnv14-08/.m2/repository/org/eclipse/angus/angus-activation/2.0.2/angus-activation-2.0.2.jar:/home/ttpl-lnv14-08/.m2/repository/com/ibm/async/asyncutil/0.1.0/asyncutil-0.1.0.jar:/home/ttpl-lnv14-08/.m2/repository/commons-codec/commons-codec/1.16.1/commons-codec-1.16.1.jar:/home/ttpl-lnv14-08/.m2/repository/jakarta/ws/rs/jakarta.ws.rs-api/3.1.0/jakarta.ws.rs-api-3.1.0.jar:/home/ttpl-lnv14-08/.m2/repository/org/reactivestreams/reactive-streams/1.0.4/reactive-streams-1.0.4.jar:/home/ttpl-lnv14-08/.m2/repository/org/jboss/resteasy/resteasy-multipart-provider/6.2.7.Final/resteasy-multipart-provider-6.2.7.Final.jar:/home/ttpl-lnv14-08/.m2/repository/jakarta/mail/jakarta.mail-api/2.1.3/jakarta.mail-api-2.1.3.jar:/home/ttpl-lnv14-08/.m2/repository/org/eclipse/angus/angus-mail/2.0.3/angus-mail-2.0.3.jar:/home/ttpl-lnv14-08/.m2/repository/org/apache/james/apache-mime4j-dom/0.8.9/apache-mime4j-dom-0.8.9.jar:/home/ttpl-lnv14-08/.m2/repository/org/apache/james/apache-mime4j-core/0.8.9/apache-mime4j-core-0.8.9.jar:/home/ttpl-lnv14-08/.m2/repository/org/apache/james/apache-mime4j-storage/0.8.9/apache-mime4j-storage-0.8.9.jar:/home/ttpl-lnv14-08/.m2/repository/commons-io/commons-io/2.11.0/commons-io-2.11.0.jar:/home/ttpl-lnv14-08/.m2/repository/org/jboss/resteasy/resteasy-jackson2-provider/6.2.7.Final/resteasy-jackson2-provider-6.2.7.Final.jar:/home/ttpl-lnv14-08/.m2/repository/com/fasterxml/jackson/jakarta/rs/jackson-jakarta-rs-base/2.17.2/jackson-jakarta-rs-base-2.17.2.jar:/home/ttpl-lnv14-08/.m2/repository/com/fasterxml/jackson/jakarta/rs/jackson-jakarta-rs-json-provider/2.17.2/jackson-jakarta-rs-json-provider-2.17.2.jar:/home/ttpl-lnv14-08/.m2/repository/com/fasterxml/jackson/module/jackson-module-jakarta-xmlbind-annotations/2.17.2/jackson-module-jakarta-xmlbind-annotations-2.17.2.jar:/home/ttpl-lnv14-08/.m2/repository/com/github/java-json-tools/json-patch/1.13/json-patch-1.13.jar:/home/ttpl-lnv14-08/.m2/repository/com/github/java-json-tools/msg-simple/1.2/msg-simple-1.2.jar:/home/ttpl-lnv14-08/.m2/repository/com/github/java-json-tools/btf/1.3/btf-1.3.jar:/home/ttpl-lnv14-08/.m2/repository/com/github/java-json-tools/jackson-coreutils/2.0/jackson-coreutils-2.0.jar:/home/ttpl-lnv14-08/.m2/repository/org/jboss/resteasy/resteasy-jaxb-provider/6.2.7.Final/resteasy-jaxb-provider-6.2.7.Final.jar:/home/ttpl-lnv14-08/.m2/repository/org/glassfish/jaxb/codemodel/4.0.5/codemodel-4.0.5.jar:/home/ttpl-lnv14-08/.m2/repository/org/glassfish/jaxb/jaxb-core/4.0.5/jaxb-core-4.0.5.jar:/home/ttpl-lnv14-08/.m2/repository/org/glassfish/jaxb/jaxb-jxc/4.0.5/jaxb-jxc-4.0.5.jar:/home/ttpl-lnv14-08/.m2/repository/org/glassfish/jaxb/txw2/4.0.5/txw2-4.0.5.jar:/home/ttpl-lnv14-08/.m2/repository/org/glassfish/jaxb/jaxb-xjc/4.0.5/jaxb-xjc-4.0.5.jar:/home/ttpl-lnv14-08/.m2/repository/org/glassfish/jaxb/xsom/4.0.5/xsom-4.0.5.jar:/home/ttpl-lnv14-08/.m2/repository/com/sun/istack/istack-commons-runtime/4.1.2/istack-commons-runtime-4.1.2.jar:/home/ttpl-lnv14-08/.m2/repository/com/sun/istack/istack-commons-tools/4.1.2/istack-commons-tools-4.1.2.jar:/home/ttpl-lnv14-08/.m2/repository/com/sun/xml/bind/external/relaxng-datatype/4.0.3/relaxng-datatype-4.0.3.jar:/home/ttpl-lnv14-08/.m2/repository/com/sun/xml/bind/external/rngom/4.0.3/rngom-4.0.3.jar:/home/ttpl-lnv14-08/.m2/repository/org/springframework/boot/spring-boot-starter-actuator/3.3.2/spring-boot-starter-actuator-3.3.2.jar:/home/ttpl-lnv14-08/.m2/repository/org/springframework/boot/spring-boot-actuator-autoconfigure/3.3.2/spring-boot-actuator-autoconfigure-3.3.2.jar:/home/ttpl-lnv14-08/.m2/repository/org/springframework/boot/spring-boot-actuator/3.3.2/spring-boot-actuator-3.3.2.jar:/home/ttpl-lnv14-08/.m2/repository/io/micrometer/micrometer-observation/1.13.2/micrometer-observation-1.13.2.jar:/home/ttpl-lnv14-08/.m2/repository/io/micrometer/micrometer-commons/1.13.2/micrometer-commons-1.13.2.jar:/home/ttpl-lnv14-08/.m2/repository/io/micrometer/micrometer-jakarta9/1.13.2/micrometer-jakarta9-1.13.2.jar:/home/ttpl-lnv14-08/.m2/repository/io/micrometer/micrometer-core/1.13.2/micrometer-core-1.13.2.jar:/home/ttpl-lnv14-08/.m2/repository/org/hdrhistogram/HdrHistogram/2.2.2/HdrHistogram-2.2.2.jar:/home/ttpl-lnv14-08/.m2/repository/org/latencyutils/LatencyUtils/2.0.3/LatencyUtils-2.0.3.jar:/home/ttpl-lnv14-08/.m2/repository/org/springframework/security/spring-security-oauth2-resource-server/6.3.0/spring-security-oauth2-resource-server-6.3.0.jar:/home/ttpl-lnv14-08/.m2/repository/org/springframework/security/spring-security-core/6.3.1/spring-security-core-6.3.1.jar:/home/ttpl-lnv14-08/.m2/repository/org/springframework/security/spring-security-oauth2-core/6.3.1/spring-security-oauth2-core-6.3.1.jar:/home/ttpl-lnv14-08/.m2/repository/org/springframework/security/spring-security-web/6.3.1/spring-security-web-6.3.1.jar:/home/ttpl-lnv14-08/.m2/repository/org/keycloak/keycloak-spring-security-adapter/24.0.4/keycloak-spring-security-adapter-24.0.4.jar:/home/ttpl-lnv14-08/.m2/repository/org/keycloak/keycloak-adapter-spi/24.0.4/keycloak-adapter-spi-24.0.4.jar:/home/ttpl-lnv14-08/.m2/repository/org/keycloak/keycloak-adapter-core/24.0.4/keycloak-adapter-core-24.0.4.jar:/home/ttpl-lnv14-08/.m2/repository/org/keycloak/keycloak-crypto-default/24.0.4/keycloak-crypto-default-24.0.4.jar:/home/ttpl-lnv14-08/.m2/repository/org/keycloak/keycloak-server-spi/24.0.4/keycloak-server-spi-24.0.4.jar:/home/ttpl-lnv14-08/.m2/repository/org/keycloak/keycloak-server-spi-private/24.0.4/keycloak-server-spi-private-24.0.4.jar:/home/ttpl-lnv14-08/.m2/repository/org/bouncycastle/bcpkix-jdk18on/1.77/bcpkix-jdk18on-1.77.jar:/home/ttpl-lnv14-08/.m2/repository/org/bouncycastle/bcutil-jdk18on/1.77/bcutil-jdk18on-1.77.jar:/home/ttpl-lnv14-08/.m2/repository/org/keycloak/keycloak-policy-enforcer/24.0.4/keycloak-policy-enforcer-24.0.4.jar:/home/ttpl-lnv14-08/.m2/repository/org/keycloak/keycloak-authz-client/24.0.4/keycloak-authz-client-24.0.4.jar:/home/ttpl-lnv14-08/.m2/repository/org/slf4j/slf4j-api/2.0.13/slf4j-api-2.0.13.jar:/home/ttpl-lnv14-08/.m2/repository/org/jboss/logging/jboss-logging/3.5.3.Final/jboss-logging-3.5.3.Final.jar:/home/ttpl-lnv14-08/.m2/repository/org/apache/httpcomponents/httpclient/4.5.14/httpclient-4.5.14.jar:/home/ttpl-lnv14-08/.m2/repository/org/apache/httpcomponents/httpcore/4.4.16/httpcore-4.4.16.jar:/home/ttpl-lnv14-08/.m2/repository/commons-logging/commons-logging/1.2/commons-logging-1.2.jar:/home/ttpl-lnv14-08/.m2/repository/org/bouncycastle/bcprov-jdk18on/1.77/bcprov-jdk18on-1.77.jar:/home/ttpl-lnv14-08/.m2/repository/com/fasterxml/jackson/core/jackson-core/2.17.2/jackson-core-2.17.2.jar:/home/ttpl-lnv14-08/.m2/repository/com/fasterxml/jackson/core/jackson-databind/2.17.2/jackson-databind-2.17.2.jar:/home/ttpl-lnv14-08/.m2/repository/com/fasterxml/jackson/core/jackson-annotations/2.17.2/jackson-annotations-2.17.2.jar:/home/ttpl-lnv14-08/.m2/repository/org/springframework/security/spring-security-config/6.3.0/spring-security-config-6.3.0.jar:/home/ttpl-lnv14-08/.m2/repository/org/springframework/spring-aop/6.1.11/spring-aop-6.1.11.jar:/home/ttpl-lnv14-08/.m2/repository/org/springframework/spring-beans/6.1.11/spring-beans-6.1.11.jar:/home/ttpl-lnv14-08/.m2/repository/org/springframework/spring-context/6.1.11/spring-context-6.1.11.jar:/home/ttpl-lnv14-08/.m2/repository/org/springdoc/springdoc-openapi-starter-webmvc-ui/2.0.2/springdoc-openapi-starter-webmvc-ui-2.0.2.jar:/home/ttpl-lnv14-08/.m2/repository/org/springdoc/springdoc-openapi-starter-webmvc-api/2.0.2/springdoc-openapi-starter-webmvc-api-2.0.2.jar:/home/ttpl-lnv14-08/.m2/repository/org/springdoc/springdoc-openapi-starter-common/2.0.2/springdoc-openapi-starter-common-2.0.2.jar:/home/ttpl-lnv14-08/.m2/repository/io/swagger/core/v3/swagger-core-jakarta/2.2.7/swagger-core-jakarta-2.2.7.jar:/home/ttpl-lnv14-08/.m2/repository/io/swagger/core/v3/swagger-annotations-jakarta/2.2.7/swagger-annotations-jakarta-2.2.7.jar:/home/ttpl-lnv14-08/.m2/repository/io/swagger/core/v3/swagger-models-jakarta/2.2.7/swagger-models-jakarta-2.2.7.jar:/home/ttpl-lnv14-08/.m2/repository/com/fasterxml/jackson/dataformat/jackson-dataformat-yaml/2.17.2/jackson-dataformat-yaml-2.17.2.jar:/home/ttpl-lnv14-08/.m2/repository/org/webjars/swagger-ui/4.15.5/swagger-ui-4.15.5.jar:/home/ttpl-lnv14-08/.m2/repository/org/webjars/webjars-locator-core/0.58/webjars-locator-core-0.58.jar:/home/ttpl-lnv14-08/.m2/repository/io/github/classgraph/classgraph/4.8.149/classgraph-4.8.149.jar:/home/ttpl-lnv14-08/.m2/repository/org/springframework/cloud/spring-cloud-starter-netflix-eureka-client/4.1.3/spring-cloud-starter-netflix-eureka-client-4.1.3.jar:/home/ttpl-lnv14-08/.m2/repository/org/springframework/cloud/spring-cloud-netflix-eureka-client/4.1.3/spring-cloud-netflix-eureka-client-4.1.3.jar:/home/ttpl-lnv14-08/.m2/repository/org/apache/httpcomponents/client5/httpclient5/5.3.1/httpclient5-5.3.1.jar:/home/ttpl-lnv14-08/.m2/repository/org/apache/httpcomponents/core5/httpcore5/5.2.5/httpcore5-5.2.5.jar:/home/ttpl-lnv14-08/.m2/repository/org/apache/httpcomponents/core5/httpcore5-h2/5.2.5/httpcore5-h2-5.2.5.jar:/home/ttpl-lnv14-08/.m2/repository/com/netflix/eureka/eureka-client/2.0.3/eureka-client-2.0.3.jar:/home/ttpl-lnv14-08/.m2/repository/com/thoughtworks/xstream/xstream/1.4.20/xstream-1.4.20.jar:/home/ttpl-lnv14-08/.m2/repository/io/github/x-stream/mxparser/1.2.2/mxparser-1.2.2.jar:/home/ttpl-lnv14-08/.m2/repository/xmlpull/xmlpull/1.1.3.1/xmlpull-1.1.3.1.jar:/home/ttpl-lnv14-08/.m2/repository/com/netflix/spectator/spectator-api/1.7.3/spectator-api-1.7.3.jar:/home/ttpl-lnv14-08/.m2/repository/commons-configuration/commons-configuration/1.10/commons-configuration-1.10.jar:/home/ttpl-lnv14-08/.m2/repository/commons-lang/commons-lang/2.6/commons-lang-2.6.jar:/home/ttpl-lnv14-08/.m2/repository/com/netflix/netflix-commons/netflix-eventbus/0.3.0/netflix-eventbus-0.3.0.jar:/home/ttpl-lnv14-08/.m2/repository/com/netflix/netflix-commons/netflix-infix/0.3.0/netflix-infix-0.3.0.jar:/home/ttpl-lnv14-08/.m2/repository/commons-jxpath/commons-jxpath/1.3/commons-jxpath-1.3.jar:/home/ttpl-lnv14-08/.m2/repository/joda-time/joda-time/2.3/joda-time-2.3.jar:/home/ttpl-lnv14-08/.m2/repository/org/antlr/antlr-runtime/3.4/antlr-runtime-3.4.jar:/home/ttpl-lnv14-08/.m2/repository/org/antlr/stringtemplate/3.2.1/stringtemplate-3.2.1.jar:/home/ttpl-lnv14-08/.m2/repository/antlr/antlr/2.7.7/antlr-2.7.7.jar:/home/ttpl-lnv14-08/.m2/repository/com/google/code/gson/gson/2.10.1/gson-2.10.1.jar:/home/ttpl-lnv14-08/.m2/repository/com/netflix/servo/servo-core/0.5.3/servo-core-0.5.3.jar:/home/ttpl-lnv14-08/.m2/repository/org/apache/commons/commons-math/2.2/commons-math-2.2.jar:/home/ttpl-lnv14-08/.m2/repository/javax/annotation/javax.annotation-api/1.2/javax.annotation-api-1.2.jar:/home/ttpl-lnv14-08/.m2/repository/org/codehaus/jettison/jettison/1.5.4/jettison-1.5.4.jar:/home/ttpl-lnv14-08/.m2/repository/com/netflix/eureka/eureka-core/2.0.3/eureka-core-2.0.3.jar:/home/ttpl-lnv14-08/.m2/repository/com/fasterxml/woodstox/woodstox-core/6.2.1/woodstox-core-6.2.1.jar:/home/ttpl-lnv14-08/.m2/repository/org/codehaus/woodstox/stax2-api/4.2.1/stax2-api-4.2.1.jar:/home/ttpl-lnv14-08/.m2/repository/com/google/guava/guava/33.0.0-jre/guava-33.0.0-jre.jar:/home/ttpl-lnv14-08/.m2/repository/com/google/guava/failureaccess/1.0.2/failureaccess-1.0.2.jar:/home/ttpl-lnv14-08/.m2/repository/com/google/guava/listenablefuture/9999.0-empty-to-avoid-conflict-with-guava/listenablefuture-9999.0-empty-to-avoid-conflict-with-guava.jar:/home/ttpl-lnv14-08/.m2/repository/com/google/errorprone/error_prone_annotations/2.23.0/error_prone_annotations-2.23.0.jar:/home/ttpl-lnv14-08/.m2/repository/com/google/j2objc/j2objc-annotations/2.8/j2objc-annotations-2.8.jar:/home/ttpl-lnv14-08/.m2/repository/org/springframework/cloud/spring-cloud-starter-loadbalancer/4.1.4/spring-cloud-starter-loadbalancer-4.1.4.jar:/home/ttpl-lnv14-08/.m2/repository/org/springframework/cloud/spring-cloud-loadbalancer/4.1.4/spring-cloud-loadbalancer-4.1.4.jar:/home/ttpl-lnv14-08/.m2/repository/io/projectreactor/reactor-core/3.6.8/reactor-core-3.6.8.jar:/home/ttpl-lnv14-08/.m2/repository/io/projectreactor/addons/reactor-extra/3.5.1/reactor-extra-3.5.1.jar:/home/ttpl-lnv14-08/.m2/repository/org/springframework/boot/spring-boot-starter-cache/3.3.2/spring-boot-starter-cache-3.3.2.jar:/home/ttpl-lnv14-08/.m2/repository/org/springframework/spring-context-support/6.1.11/spring-context-support-6.1.11.jar:/home/ttpl-lnv14-08/.m2/repository/com/stoyanr/evictor/1.0.0/evictor-1.0.0.jar:"/>
    <property name="java.vm.vendor" value="Oracle Corporation"/>
    <property name="sun.arch.data.model" value="64"/>
    <property name="java.vendor.url" value="https://java.oracle.com/"/>
    <property name="user.timezone" value="Asia/Kolkata"/>
    <property name="org.jboss.logging.provider" value="slf4j"/>
    <property name="os.name" value="Linux"/>
    <property name="java.vm.specification.version" value="21"/>
    <property name="sun.java.launcher" value="SUN_STANDARD"/>
    <property name="user.country" value="US"/>
    <property name="sun.boot.library.path" value="/home/ttpl-lnv14-08/Downloads/jdk-21_linux-x64_bin/jdk-21.0.3/lib"/>
    <property name="sun.java.command" value="/home/ttpl-lnv14-08/Downloads/Jarvis/target/surefire/surefirebooter-20240801171254276_3.jar /home/ttpl-lnv14-08/Downloads/Jarvis/target/surefire 2024-08-01T17-12-54_182-jvmRun1 surefire-20240801171254276_1tmp surefire_0-20240801171254276_2tmp"/>
    <property name="jdk.debug" value="release"/>
    <property name="surefire.test.class.path" value="/home/ttpl-lnv14-08/Downloads/Jarvis/target/test-classes:/home/ttpl-lnv14-08/Downloads/Jarvis/target/classes:/home/ttpl-lnv14-08/.m2/repository/org/springframework/boot/spring-boot-starter-data-jpa/3.3.2/spring-boot-starter-data-jpa-3.3.2.jar:/home/ttpl-lnv14-08/.m2/repository/org/springframework/boot/spring-boot-starter-aop/3.3.2/spring-boot-starter-aop-3.3.2.jar:/home/ttpl-lnv14-08/.m2/repository/org/aspectj/aspectjweaver/1.9.22.1/aspectjweaver-1.9.22.1.jar:/home/ttpl-lnv14-08/.m2/repository/org/springframework/boot/spring-boot-starter-jdbc/3.3.2/spring-boot-starter-jdbc-3.3.2.jar:/home/ttpl-lnv14-08/.m2/repository/com/zaxxer/HikariCP/5.1.0/HikariCP-5.1.0.jar:/home/ttpl-lnv14-08/.m2/repository/org/springframework/spring-jdbc/6.1.11/spring-jdbc-6.1.11.jar:/home/ttpl-lnv14-08/.m2/repository/org/hibernate/orm/hibernate-core/6.5.2.Final/hibernate-core-6.5.2.Final.jar:/home/ttpl-lnv14-08/.m2/repository/jakarta/persistence/jakarta.persistence-api/3.1.0/jakarta.persistence-api-3.1.0.jar:/home/ttpl-lnv14-08/.m2/repository/jakarta/transaction/jakarta.transaction-api/2.0.1/jakarta.transaction-api-2.0.1.jar:/home/ttpl-lnv14-08/.m2/repository/org/hibernate/common/hibernate-commons-annotations/6.0.6.Final/hibernate-commons-annotations-6.0.6.Final.jar:/home/ttpl-lnv14-08/.m2/repository/io/smallrye/jandex/3.1.2/jandex-3.1.2.jar:/home/ttpl-lnv14-08/.m2/repository/com/fasterxml/classmate/1.7.0/classmate-1.7.0.jar:/home/ttpl-lnv14-08/.m2/repository/net/bytebuddy/byte-buddy/1.14.18/byte-buddy-1.14.18.jar:/home/ttpl-lnv14-08/.m2/repository/org/glassfish/jaxb/jaxb-runtime/4.0.5/jaxb-runtime-4.0.5.jar:/home/ttpl-lnv14-08/.m2/repository/jakarta/inject/jakarta.inject-api/2.0.1/jakarta.inject-api-2.0.1.jar:/home/ttpl-lnv14-08/.m2/repository/org/antlr/antlr4-runtime/4.13.0/antlr4-runtime-4.13.0.jar:/home/ttpl-lnv14-08/.m2/repository/org/springframework/data/spring-data-jpa/3.3.2/spring-data-jpa-3.3.2.jar:/home/ttpl-lnv14-08/.m2/repository/org/springframework/data/spring-data-commons/3.3.2/spring-data-commons-3.3.2.jar:/home/ttpl-lnv14-08/.m2/repository/org/springframework/spring-orm/6.1.11/spring-orm-6.1.11.jar:/home/ttpl-lnv14-08/.m2/repository/org/springframework/spring-tx/6.1.11/spring-tx-6.1.11.jar:/home/ttpl-lnv14-08/.m2/repository/jakarta/annotation/jakarta.annotation-api/2.1.1/jakarta.annotation-api-2.1.1.jar:/home/ttpl-lnv14-08/.m2/repository/org/springframework/spring-aspects/6.1.11/spring-aspects-6.1.11.jar:/home/ttpl-lnv14-08/.m2/repository/org/springframework/boot/spring-boot-starter-web/3.3.2/spring-boot-starter-web-3.3.2.jar:/home/ttpl-lnv14-08/.m2/repository/org/springframework/boot/spring-boot-starter/3.3.2/spring-boot-starter-3.3.2.jar:/home/ttpl-lnv14-08/.m2/repository/org/springframework/boot/spring-boot-starter-logging/3.3.2/spring-boot-starter-logging-3.3.2.jar:/home/ttpl-lnv14-08/.m2/repository/ch/qos/logback/logback-classic/1.5.6/logback-classic-1.5.6.jar:/home/ttpl-lnv14-08/.m2/repository/ch/qos/logback/logback-core/1.5.6/logback-core-1.5.6.jar:/home/ttpl-lnv14-08/.m2/repository/org/apache/logging/log4j/log4j-to-slf4j/2.23.1/log4j-to-slf4j-2.23.1.jar:/home/ttpl-lnv14-08/.m2/repository/org/apache/logging/log4j/log4j-api/2.23.1/log4j-api-2.23.1.jar:/home/ttpl-lnv14-08/.m2/repository/org/slf4j/jul-to-slf4j/2.0.13/jul-to-slf4j-2.0.13.jar:/home/ttpl-lnv14-08/.m2/repository/org/springframework/boot/spring-boot-starter-json/3.3.2/spring-boot-starter-json-3.3.2.jar:/home/ttpl-lnv14-08/.m2/repository/com/fasterxml/jackson/datatype/jackson-datatype-jdk8/2.17.2/jackson-datatype-jdk8-2.17.2.jar:/home/ttpl-lnv14-08/.m2/repository/com/fasterxml/jackson/datatype/jackson-datatype-jsr310/2.17.2/jackson-datatype-jsr310-2.17.2.jar:/home/ttpl-lnv14-08/.m2/repository/com/fasterxml/jackson/module/jackson-module-parameter-names/2.17.2/jackson-module-parameter-names-2.17.2.jar:/home/ttpl-lnv14-08/.m2/repository/org/springframework/boot/spring-boot-starter-tomcat/3.3.2/spring-boot-starter-tomcat-3.3.2.jar:/home/ttpl-lnv14-08/.m2/repository/org/apache/tomcat/embed/tomcat-embed-core/10.1.26/tomcat-embed-core-10.1.26.jar:/home/ttpl-lnv14-08/.m2/repository/org/apache/tomcat/embed/tomcat-embed-el/10.1.26/tomcat-embed-el-10.1.26.jar:/home/ttpl-lnv14-08/.m2/repository/org/apache/tomcat/embed/tomcat-embed-websocket/10.1.26/tomcat-embed-websocket-10.1.26.jar:/home/ttpl-lnv14-08/.m2/repository/org/springframework/spring-web/6.1.11/spring-web-6.1.11.jar:/home/ttpl-lnv14-08/.m2/repository/org/springframework/spring-webmvc/6.1.11/spring-webmvc-6.1.11.jar:/home/ttpl-lnv14-08/.m2/repository/org/springframework/spring-expression/6.1.11/spring-expression-6.1.11.jar:/home/ttpl-lnv14-08/.m2/repository/org/projectlombok/lombok/1.18.34/lombok-1.18.34.jar:/home/ttpl-lnv14-08/.m2/repository/org/liquibase/liquibase-core/4.27.0/liquibase-core-4.27.0.jar:/home/ttpl-lnv14-08/.m2/repository/com/opencsv/opencsv/5.9/opencsv-5.9.jar:/home/ttpl-lnv14-08/.m2/repository/org/apache/commons/commons-text/1.11.0/commons-text-1.11.0.jar:/home/ttpl-lnv14-08/.m2/repository/org/apache/commons/commons-collections4/4.4/commons-collections4-4.4.jar:/home/ttpl-lnv14-08/.m2/repository/org/yaml/snakeyaml/2.2/snakeyaml-2.2.jar:/home/ttpl-lnv14-08/.m2/repository/javax/xml/bind/jaxb-api/2.3.1/jaxb-api-2.3.1.jar:/home/ttpl-lnv14-08/.m2/repository/org/apache/commons/commons-lang3/3.14.0/commons-lang3-3.14.0.jar:/home/ttpl-lnv14-08/.m2/repository/org/springframework/cloud/spring-cloud-starter-openfeign/4.1.3/spring-cloud-starter-openfeign-4.1.3.jar:/home/ttpl-lnv14-08/.m2/repository/org/springframework/cloud/spring-cloud-starter/4.1.4/spring-cloud-starter-4.1.4.jar:/home/ttpl-lnv14-08/.m2/repository/org/springframework/cloud/spring-cloud-context/4.1.4/spring-cloud-context-4.1.4.jar:/home/ttpl-lnv14-08/.m2/repository/org/springframework/security/spring-security-rsa/1.1.3/spring-security-rsa-1.1.3.jar:/home/ttpl-lnv14-08/.m2/repository/org/springframework/cloud/spring-cloud-openfeign-core/4.1.3/spring-cloud-openfeign-core-4.1.3.jar:/home/ttpl-lnv14-08/.m2/repository/io/github/openfeign/form/feign-form-spring/3.8.0/feign-form-spring-3.8.0.jar:/home/ttpl-lnv14-08/.m2/repository/io/github/openfeign/form/feign-form/3.8.0/feign-form-3.8.0.jar:/home/ttpl-lnv14-08/.m2/repository/commons-fileupload/commons-fileupload/1.5/commons-fileupload-1.5.jar:/home/ttpl-lnv14-08/.m2/repository/org/springframework/cloud/spring-cloud-commons/4.1.4/spring-cloud-commons-4.1.4.jar:/home/ttpl-lnv14-08/.m2/repository/org/springframework/security/spring-security-crypto/6.3.1/spring-security-crypto-6.3.1.jar:/home/ttpl-lnv14-08/.m2/repository/io/github/openfeign/feign-core/13.3/feign-core-13.3.jar:/home/ttpl-lnv14-08/.m2/repository/io/github/openfeign/feign-slf4j/13.3/feign-slf4j-13.3.jar:/home/ttpl-lnv14-08/.m2/repository/org/springframework/boot/spring-boot-devtools/3.3.2/spring-boot-devtools-3.3.2.jar:/home/ttpl-lnv14-08/.m2/repository/org/springframework/boot/spring-boot/3.3.2/spring-boot-3.3.2.jar:/home/ttpl-lnv14-08/.m2/repository/org/springframework/boot/spring-boot-autoconfigure/3.3.2/spring-boot-autoconfigure-3.3.2.jar:/home/ttpl-lnv14-08/.m2/repository/org/postgresql/postgresql/42.7.3/postgresql-42.7.3.jar:/home/ttpl-lnv14-08/.m2/repository/org/checkerframework/checker-qual/3.42.0/checker-qual-3.42.0.jar:/home/ttpl-lnv14-08/.m2/repository/org/springframework/boot/spring-boot-starter-test/3.3.2/spring-boot-starter-test-3.3.2.jar:/home/ttpl-lnv14-08/.m2/repository/org/springframework/boot/spring-boot-test/3.3.2/spring-boot-test-3.3.2.jar:/home/ttpl-lnv14-08/.m2/repository/org/springframework/boot/spring-boot-test-autoconfigure/3.3.2/spring-boot-test-autoconfigure-3.3.2.jar:/home/ttpl-lnv14-08/.m2/repository/com/jayway/jsonpath/json-path/2.9.0/json-path-2.9.0.jar:/home/ttpl-lnv14-08/.m2/repository/jakarta/xml/bind/jakarta.xml.bind-api/4.0.2/jakarta.xml.bind-api-4.0.2.jar:/home/ttpl-lnv14-08/.m2/repository/jakarta/activation/jakarta.activation-api/2.1.3/jakarta.activation-api-2.1.3.jar:/home/ttpl-lnv14-08/.m2/repository/net/minidev/json-smart/2.5.1/json-smart-2.5.1.jar:/home/ttpl-lnv14-08/.m2/repository/net/minidev/accessors-smart/2.5.1/accessors-smart-2.5.1.jar:/home/ttpl-lnv14-08/.m2/repository/org/ow2/asm/asm/9.6/asm-9.6.jar:/home/ttpl-lnv14-08/.m2/repository/org/assertj/assertj-core/3.25.3/assertj-core-3.25.3.jar:/home/ttpl-lnv14-08/.m2/repository/org/awaitility/awaitility/4.2.1/awaitility-4.2.1.jar:/home/ttpl-lnv14-08/.m2/repository/org/hamcrest/hamcrest/2.2/hamcrest-2.2.jar:/home/ttpl-lnv14-08/.m2/repository/org/junit/jupiter/junit-jupiter/5.10.3/junit-jupiter-5.10.3.jar:/home/ttpl-lnv14-08/.m2/repository/org/junit/jupiter/junit-jupiter-api/5.10.3/junit-jupiter-api-5.10.3.jar:/home/ttpl-lnv14-08/.m2/repository/org/opentest4j/opentest4j/1.3.0/opentest4j-1.3.0.jar:/home/ttpl-lnv14-08/.m2/repository/org/junit/platform/junit-platform-commons/1.10.3/junit-platform-commons-1.10.3.jar:/home/ttpl-lnv14-08/.m2/repository/org/apiguardian/apiguardian-api/1.1.2/apiguardian-api-1.1.2.jar:/home/ttpl-lnv14-08/.m2/repository/org/junit/jupiter/junit-jupiter-params/5.10.3/junit-jupiter-params-5.10.3.jar:/home/ttpl-lnv14-08/.m2/repository/org/junit/jupiter/junit-jupiter-engine/5.10.3/junit-jupiter-engine-5.10.3.jar:/home/ttpl-lnv14-08/.m2/repository/org/junit/platform/junit-platform-engine/1.10.3/junit-platform-engine-1.10.3.jar:/home/ttpl-lnv14-08/.m2/repository/org/mockito/mockito-core/5.11.0/mockito-core-5.11.0.jar:/home/ttpl-lnv14-08/.m2/repository/net/bytebuddy/byte-buddy-agent/1.14.18/byte-buddy-agent-1.14.18.jar:/home/ttpl-lnv14-08/.m2/repository/org/objenesis/objenesis/3.3/objenesis-3.3.jar:/home/ttpl-lnv14-08/.m2/repository/org/mockito/mockito-junit-jupiter/5.11.0/mockito-junit-jupiter-5.11.0.jar:/home/ttpl-lnv14-08/.m2/repository/org/skyscreamer/jsonassert/1.5.3/jsonassert-1.5.3.jar:/home/ttpl-lnv14-08/.m2/repository/com/vaadin/external/google/android-json/0.0.20131108.vaadin1/android-json-0.0.20131108.vaadin1.jar:/home/ttpl-lnv14-08/.m2/repository/org/springframework/spring-core/6.1.11/spring-core-6.1.11.jar:/home/ttpl-lnv14-08/.m2/repository/org/springframework/spring-jcl/6.1.11/spring-jcl-6.1.11.jar:/home/ttpl-lnv14-08/.m2/repository/org/springframework/spring-test/6.1.11/spring-test-6.1.11.jar:/home/ttpl-lnv14-08/.m2/repository/org/xmlunit/xmlunit-core/2.9.1/xmlunit-core-2.9.1.jar:/home/ttpl-lnv14-08/.m2/repository/org/keycloak/keycloak-admin-client/24.0.4/keycloak-admin-client-24.0.4.jar:/home/ttpl-lnv14-08/.m2/repository/org/keycloak/keycloak-core/24.0.4/keycloak-core-24.0.4.jar:/home/ttpl-lnv14-08/.m2/repository/org/keycloak/keycloak-common/24.0.4/keycloak-common-24.0.4.jar:/home/ttpl-lnv14-08/.m2/repository/org/jboss/resteasy/resteasy-client/6.2.7.Final/resteasy-client-6.2.7.Final.jar:/home/ttpl-lnv14-08/.m2/repository/org/jboss/resteasy/resteasy-client-api/6.2.7.Final/resteasy-client-api-6.2.7.Final.jar:/home/ttpl-lnv14-08/.m2/repository/org/jboss/resteasy/resteasy-core-spi/6.2.7.Final/resteasy-core-spi-6.2.7.Final.jar:/home/ttpl-lnv14-08/.m2/repository/jakarta/validation/jakarta.validation-api/3.0.2/jakarta.validation-api-3.0.2.jar:/home/ttpl-lnv14-08/.m2/repository/org/jboss/resteasy/resteasy-core/6.2.7.Final/resteasy-core-6.2.7.Final.jar:/home/ttpl-lnv14-08/.m2/repository/org/jboss/jandex/2.4.4.Final/jandex-2.4.4.Final.jar:/home/ttpl-lnv14-08/.m2/repository/org/eclipse/angus/angus-activation/2.0.2/angus-activation-2.0.2.jar:/home/ttpl-lnv14-08/.m2/repository/com/ibm/async/asyncutil/0.1.0/asyncutil-0.1.0.jar:/home/ttpl-lnv14-08/.m2/repository/commons-codec/commons-codec/1.16.1/commons-codec-1.16.1.jar:/home/ttpl-lnv14-08/.m2/repository/jakarta/ws/rs/jakarta.ws.rs-api/3.1.0/jakarta.ws.rs-api-3.1.0.jar:/home/ttpl-lnv14-08/.m2/repository/org/reactivestreams/reactive-streams/1.0.4/reactive-streams-1.0.4.jar:/home/ttpl-lnv14-08/.m2/repository/org/jboss/resteasy/resteasy-multipart-provider/6.2.7.Final/resteasy-multipart-provider-6.2.7.Final.jar:/home/ttpl-lnv14-08/.m2/repository/jakarta/mail/jakarta.mail-api/2.1.3/jakarta.mail-api-2.1.3.jar:/home/ttpl-lnv14-08/.m2/repository/org/eclipse/angus/angus-mail/2.0.3/angus-mail-2.0.3.jar:/home/ttpl-lnv14-08/.m2/repository/org/apache/james/apache-mime4j-dom/0.8.9/apache-mime4j-dom-0.8.9.jar:/home/ttpl-lnv14-08/.m2/repository/org/apache/james/apache-mime4j-core/0.8.9/apache-mime4j-core-0.8.9.jar:/home/ttpl-lnv14-08/.m2/repository/org/apache/james/apache-mime4j-storage/0.8.9/apache-mime4j-storage-0.8.9.jar:/home/ttpl-lnv14-08/.m2/repository/commons-io/commons-io/2.11.0/commons-io-2.11.0.jar:/home/ttpl-lnv14-08/.m2/repository/org/jboss/resteasy/resteasy-jackson2-provider/6.2.7.Final/resteasy-jackson2-provider-6.2.7.Final.jar:/home/ttpl-lnv14-08/.m2/repository/com/fasterxml/jackson/jakarta/rs/jackson-jakarta-rs-base/2.17.2/jackson-jakarta-rs-base-2.17.2.jar:/home/ttpl-lnv14-08/.m2/repository/com/fasterxml/jackson/jakarta/rs/jackson-jakarta-rs-json-provider/2.17.2/jackson-jakarta-rs-json-provider-2.17.2.jar:/home/ttpl-lnv14-08/.m2/repository/com/fasterxml/jackson/module/jackson-module-jakarta-xmlbind-annotations/2.17.2/jackson-module-jakarta-xmlbind-annotations-2.17.2.jar:/home/ttpl-lnv14-08/.m2/repository/com/github/java-json-tools/json-patch/1.13/json-patch-1.13.jar:/home/ttpl-lnv14-08/.m2/repository/com/github/java-json-tools/msg-simple/1.2/msg-simple-1.2.jar:/home/ttpl-lnv14-08/.m2/repository/com/github/java-json-tools/btf/1.3/btf-1.3.jar:/home/ttpl-lnv14-08/.m2/repository/com/github/java-json-tools/jackson-coreutils/2.0/jackson-coreutils-2.0.jar:/home/ttpl-lnv14-08/.m2/repository/org/jboss/resteasy/resteasy-jaxb-provider/6.2.7.Final/resteasy-jaxb-provider-6.2.7.Final.jar:/home/ttpl-lnv14-08/.m2/repository/org/glassfish/jaxb/codemodel/4.0.5/codemodel-4.0.5.jar:/home/ttpl-lnv14-08/.m2/repository/org/glassfish/jaxb/jaxb-core/4.0.5/jaxb-core-4.0.5.jar:/home/ttpl-lnv14-08/.m2/repository/org/glassfish/jaxb/jaxb-jxc/4.0.5/jaxb-jxc-4.0.5.jar:/home/ttpl-lnv14-08/.m2/repository/org/glassfish/jaxb/txw2/4.0.5/txw2-4.0.5.jar:/home/ttpl-lnv14-08/.m2/repository/org/glassfish/jaxb/jaxb-xjc/4.0.5/jaxb-xjc-4.0.5.jar:/home/ttpl-lnv14-08/.m2/repository/org/glassfish/jaxb/xsom/4.0.5/xsom-4.0.5.jar:/home/ttpl-lnv14-08/.m2/repository/com/sun/istack/istack-commons-runtime/4.1.2/istack-commons-runtime-4.1.2.jar:/home/ttpl-lnv14-08/.m2/repository/com/sun/istack/istack-commons-tools/4.1.2/istack-commons-tools-4.1.2.jar:/home/ttpl-lnv14-08/.m2/repository/com/sun/xml/bind/external/relaxng-datatype/4.0.3/relaxng-datatype-4.0.3.jar:/home/ttpl-lnv14-08/.m2/repository/com/sun/xml/bind/external/rngom/4.0.3/rngom-4.0.3.jar:/home/ttpl-lnv14-08/.m2/repository/org/springframework/boot/spring-boot-starter-actuator/3.3.2/spring-boot-starter-actuator-3.3.2.jar:/home/ttpl-lnv14-08/.m2/repository/org/springframework/boot/spring-boot-actuator-autoconfigure/3.3.2/spring-boot-actuator-autoconfigure-3.3.2.jar:/home/ttpl-lnv14-08/.m2/repository/org/springframework/boot/spring-boot-actuator/3.3.2/spring-boot-actuator-3.3.2.jar:/home/ttpl-lnv14-08/.m2/repository/io/micrometer/micrometer-observation/1.13.2/micrometer-observation-1.13.2.jar:/home/ttpl-lnv14-08/.m2/repository/io/micrometer/micrometer-commons/1.13.2/micrometer-commons-1.13.2.jar:/home/ttpl-lnv14-08/.m2/repository/io/micrometer/micrometer-jakarta9/1.13.2/micrometer-jakarta9-1.13.2.jar:/home/ttpl-lnv14-08/.m2/repository/io/micrometer/micrometer-core/1.13.2/micrometer-core-1.13.2.jar:/home/ttpl-lnv14-08/.m2/repository/org/hdrhistogram/HdrHistogram/2.2.2/HdrHistogram-2.2.2.jar:/home/ttpl-lnv14-08/.m2/repository/org/latencyutils/LatencyUtils/2.0.3/LatencyUtils-2.0.3.jar:/home/ttpl-lnv14-08/.m2/repository/org/springframework/security/spring-security-oauth2-resource-server/6.3.0/spring-security-oauth2-resource-server-6.3.0.jar:/home/ttpl-lnv14-08/.m2/repository/org/springframework/security/spring-security-core/6.3.1/spring-security-core-6.3.1.jar:/home/ttpl-lnv14-08/.m2/repository/org/springframework/security/spring-security-oauth2-core/6.3.1/spring-security-oauth2-core-6.3.1.jar:/home/ttpl-lnv14-08/.m2/repository/org/springframework/security/spring-security-web/6.3.1/spring-security-web-6.3.1.jar:/home/ttpl-lnv14-08/.m2/repository/org/keycloak/keycloak-spring-security-adapter/24.0.4/keycloak-spring-security-adapter-24.0.4.jar:/home/ttpl-lnv14-08/.m2/repository/org/keycloak/keycloak-adapter-spi/24.0.4/keycloak-adapter-spi-24.0.4.jar:/home/ttpl-lnv14-08/.m2/repository/org/keycloak/keycloak-adapter-core/24.0.4/keycloak-adapter-core-24.0.4.jar:/home/ttpl-lnv14-08/.m2/repository/org/keycloak/keycloak-crypto-default/24.0.4/keycloak-crypto-default-24.0.4.jar:/home/ttpl-lnv14-08/.m2/repository/org/keycloak/keycloak-server-spi/24.0.4/keycloak-server-spi-24.0.4.jar:/home/ttpl-lnv14-08/.m2/repository/org/keycloak/keycloak-server-spi-private/24.0.4/keycloak-server-spi-private-24.0.4.jar:/home/ttpl-lnv14-08/.m2/repository/org/bouncycastle/bcpkix-jdk18on/1.77/bcpkix-jdk18on-1.77.jar:/home/ttpl-lnv14-08/.m2/repository/org/bouncycastle/bcutil-jdk18on/1.77/bcutil-jdk18on-1.77.jar:/home/ttpl-lnv14-08/.m2/repository/org/keycloak/keycloak-policy-enforcer/24.0.4/keycloak-policy-enforcer-24.0.4.jar:/home/ttpl-lnv14-08/.m2/repository/org/keycloak/keycloak-authz-client/24.0.4/keycloak-authz-client-24.0.4.jar:/home/ttpl-lnv14-08/.m2/repository/org/slf4j/slf4j-api/2.0.13/slf4j-api-2.0.13.jar:/home/ttpl-lnv14-08/.m2/repository/org/jboss/logging/jboss-logging/3.5.3.Final/jboss-logging-3.5.3.Final.jar:/home/ttpl-lnv14-08/.m2/repository/org/apache/httpcomponents/httpclient/4.5.14/httpclient-4.5.14.jar:/home/ttpl-lnv14-08/.m2/repository/org/apache/httpcomponents/httpcore/4.4.16/httpcore-4.4.16.jar:/home/ttpl-lnv14-08/.m2/repository/commons-logging/commons-logging/1.2/commons-logging-1.2.jar:/home/ttpl-lnv14-08/.m2/repository/org/bouncycastle/bcprov-jdk18on/1.77/bcprov-jdk18on-1.77.jar:/home/ttpl-lnv14-08/.m2/repository/com/fasterxml/jackson/core/jackson-core/2.17.2/jackson-core-2.17.2.jar:/home/ttpl-lnv14-08/.m2/repository/com/fasterxml/jackson/core/jackson-databind/2.17.2/jackson-databind-2.17.2.jar:/home/ttpl-lnv14-08/.m2/repository/com/fasterxml/jackson/core/jackson-annotations/2.17.2/jackson-annotations-2.17.2.jar:/home/ttpl-lnv14-08/.m2/repository/org/springframework/security/spring-security-config/6.3.0/spring-security-config-6.3.0.jar:/home/ttpl-lnv14-08/.m2/repository/org/springframework/spring-aop/6.1.11/spring-aop-6.1.11.jar:/home/ttpl-lnv14-08/.m2/repository/org/springframework/spring-beans/6.1.11/spring-beans-6.1.11.jar:/home/ttpl-lnv14-08/.m2/repository/org/springframework/spring-context/6.1.11/spring-context-6.1.11.jar:/home/ttpl-lnv14-08/.m2/repository/org/springdoc/springdoc-openapi-starter-webmvc-ui/2.0.2/springdoc-openapi-starter-webmvc-ui-2.0.2.jar:/home/ttpl-lnv14-08/.m2/repository/org/springdoc/springdoc-openapi-starter-webmvc-api/2.0.2/springdoc-openapi-starter-webmvc-api-2.0.2.jar:/home/ttpl-lnv14-08/.m2/repository/org/springdoc/springdoc-openapi-starter-common/2.0.2/springdoc-openapi-starter-common-2.0.2.jar:/home/ttpl-lnv14-08/.m2/repository/io/swagger/core/v3/swagger-core-jakarta/2.2.7/swagger-core-jakarta-2.2.7.jar:/home/ttpl-lnv14-08/.m2/repository/io/swagger/core/v3/swagger-annotations-jakarta/2.2.7/swagger-annotations-jakarta-2.2.7.jar:/home/ttpl-lnv14-08/.m2/repository/io/swagger/core/v3/swagger-models-jakarta/2.2.7/swagger-models-jakarta-2.2.7.jar:/home/ttpl-lnv14-08/.m2/repository/com/fasterxml/jackson/dataformat/jackson-dataformat-yaml/2.17.2/jackson-dataformat-yaml-2.17.2.jar:/home/ttpl-lnv14-08/.m2/repository/org/webjars/swagger-ui/4.15.5/swagger-ui-4.15.5.jar:/home/ttpl-lnv14-08/.m2/repository/org/webjars/webjars-locator-core/0.58/webjars-locator-core-0.58.jar:/home/ttpl-lnv14-08/.m2/repository/io/github/classgraph/classgraph/4.8.149/classgraph-4.8.149.jar:/home/ttpl-lnv14-08/.m2/repository/org/springframework/cloud/spring-cloud-starter-netflix-eureka-client/4.1.3/spring-cloud-starter-netflix-eureka-client-4.1.3.jar:/home/ttpl-lnv14-08/.m2/repository/org/springframework/cloud/spring-cloud-netflix-eureka-client/4.1.3/spring-cloud-netflix-eureka-client-4.1.3.jar:/home/ttpl-lnv14-08/.m2/repository/org/apache/httpcomponents/client5/httpclient5/5.3.1/httpclient5-5.3.1.jar:/home/ttpl-lnv14-08/.m2/repository/org/apache/httpcomponents/core5/httpcore5/5.2.5/httpcore5-5.2.5.jar:/home/ttpl-lnv14-08/.m2/repository/org/apache/httpcomponents/core5/httpcore5-h2/5.2.5/httpcore5-h2-5.2.5.jar:/home/ttpl-lnv14-08/.m2/repository/com/netflix/eureka/eureka-client/2.0.3/eureka-client-2.0.3.jar:/home/ttpl-lnv14-08/.m2/repository/com/thoughtworks/xstream/xstream/1.4.20/xstream-1.4.20.jar:/home/ttpl-lnv14-08/.m2/repository/io/github/x-stream/mxparser/1.2.2/mxparser-1.2.2.jar:/home/ttpl-lnv14-08/.m2/repository/xmlpull/xmlpull/1.1.3.1/xmlpull-1.1.3.1.jar:/home/ttpl-lnv14-08/.m2/repository/com/netflix/spectator/spectator-api/1.7.3/spectator-api-1.7.3.jar:/home/ttpl-lnv14-08/.m2/repository/commons-configuration/commons-configuration/1.10/commons-configuration-1.10.jar:/home/ttpl-lnv14-08/.m2/repository/commons-lang/commons-lang/2.6/commons-lang-2.6.jar:/home/ttpl-lnv14-08/.m2/repository/com/netflix/netflix-commons/netflix-eventbus/0.3.0/netflix-eventbus-0.3.0.jar:/home/ttpl-lnv14-08/.m2/repository/com/netflix/netflix-commons/netflix-infix/0.3.0/netflix-infix-0.3.0.jar:/home/ttpl-lnv14-08/.m2/repository/commons-jxpath/commons-jxpath/1.3/commons-jxpath-1.3.jar:/home/ttpl-lnv14-08/.m2/repository/joda-time/joda-time/2.3/joda-time-2.3.jar:/home/ttpl-lnv14-08/.m2/repository/org/antlr/antlr-runtime/3.4/antlr-runtime-3.4.jar:/home/ttpl-lnv14-08/.m2/repository/org/antlr/stringtemplate/3.2.1/stringtemplate-3.2.1.jar:/home/ttpl-lnv14-08/.m2/repository/antlr/antlr/2.7.7/antlr-2.7.7.jar:/home/ttpl-lnv14-08/.m2/repository/com/google/code/gson/gson/2.10.1/gson-2.10.1.jar:/home/ttpl-lnv14-08/.m2/repository/com/netflix/servo/servo-core/0.5.3/servo-core-0.5.3.jar:/home/ttpl-lnv14-08/.m2/repository/org/apache/commons/commons-math/2.2/commons-math-2.2.jar:/home/ttpl-lnv14-08/.m2/repository/javax/annotation/javax.annotation-api/1.2/javax.annotation-api-1.2.jar:/home/ttpl-lnv14-08/.m2/repository/org/codehaus/jettison/jettison/1.5.4/jettison-1.5.4.jar:/home/ttpl-lnv14-08/.m2/repository/com/netflix/eureka/eureka-core/2.0.3/eureka-core-2.0.3.jar:/home/ttpl-lnv14-08/.m2/repository/com/fasterxml/woodstox/woodstox-core/6.2.1/woodstox-core-6.2.1.jar:/home/ttpl-lnv14-08/.m2/repository/org/codehaus/woodstox/stax2-api/4.2.1/stax2-api-4.2.1.jar:/home/ttpl-lnv14-08/.m2/repository/com/google/guava/guava/33.0.0-jre/guava-33.0.0-jre.jar:/home/ttpl-lnv14-08/.m2/repository/com/google/guava/failureaccess/1.0.2/failureaccess-1.0.2.jar:/home/ttpl-lnv14-08/.m2/repository/com/google/guava/listenablefuture/9999.0-empty-to-avoid-conflict-with-guava/listenablefuture-9999.0-empty-to-avoid-conflict-with-guava.jar:/home/ttpl-lnv14-08/.m2/repository/com/google/errorprone/error_prone_annotations/2.23.0/error_prone_annotations-2.23.0.jar:/home/ttpl-lnv14-08/.m2/repository/com/google/j2objc/j2objc-annotations/2.8/j2objc-annotations-2.8.jar:/home/ttpl-lnv14-08/.m2/repository/org/springframework/cloud/spring-cloud-starter-loadbalancer/4.1.4/spring-cloud-starter-loadbalancer-4.1.4.jar:/home/ttpl-lnv14-08/.m2/repository/org/springframework/cloud/spring-cloud-loadbalancer/4.1.4/spring-cloud-loadbalancer-4.1.4.jar:/home/ttpl-lnv14-08/.m2/repository/io/projectreactor/reactor-core/3.6.8/reactor-core-3.6.8.jar:/home/ttpl-lnv14-08/.m2/repository/io/projectreactor/addons/reactor-extra/3.5.1/reactor-extra-3.5.1.jar:/home/ttpl-lnv14-08/.m2/repository/org/springframework/boot/spring-boot-starter-cache/3.3.2/spring-boot-starter-cache-3.3.2.jar:/home/ttpl-lnv14-08/.m2/repository/org/springframework/spring-context-support/6.1.11/spring-context-support-6.1.11.jar:/home/ttpl-lnv14-08/.m2/repository/com/stoyanr/evictor/1.0.0/evictor-1.0.0.jar:"/>
    <property name="sun.cpu.endian" value="little"/>
    <property name="user.home" value="/home/ttpl-lnv14-08"/>
    <property name="user.language" value="en"/>
    <property name="java.specification.vendor" value="Oracle Corporation"/>
    <property name="java.version.date" value="2024-04-16"/>
    <property name="java.home" value="/home/ttpl-lnv14-08/Downloads/jdk-21_linux-x64_bin/jdk-21.0.3"/>
    <property name="file.separator" value="/"/>
    <property name="basedir" value="/home/ttpl-lnv14-08/Downloads/Jarvis"/>
    <property name="java.vm.compressedOopsMode" value="Zero based"/>
    <property name="line.separator" value="&#10;"/>
    <property name="java.vm.specification.vendor" value="Oracle Corporation"/>
    <property name="java.specification.name" value="Java Platform API Specification"/>
    <property name="FILE_LOG_CHARSET" value="UTF-8"/>
    <property name="java.awt.headless" value="true"/>
    <property name="surefire.real.class.path" value="/home/ttpl-lnv14-08/Downloads/Jarvis/target/surefire/surefirebooter-20240801171254276_3.jar"/>
    <property name="sun.management.compiler" value="HotSpot 64-Bit Tiered Compilers"/>
    <property name="java.runtime.version" value="21.0.3+7-LTS-152"/>
    <property name="user.name" value="ttpl-lnv14-08"/>
    <property name="stdout.encoding" value="UTF-8"/>
    <property name="path.separator" value=":"/>
    <property name="os.version" value="6.5.0-44-generic"/>
    <property name="java.runtime.name" value="Java(TM) SE Runtime Environment"/>
    <property name="file.encoding" value="UTF-8"/>
    <property name="java.vm.name" value="Java HotSpot(TM) 64-Bit Server VM"/>
    <property name="localRepository" value="/home/ttpl-lnv14-08/.m2/repository"/>
    <property name="java.vendor.url.bug" value="https://bugreport.java.com/bugreport/"/>
    <property name="java.io.tmpdir" value="/tmp"/>
    <property name="idea.version" value="2024.1.4"/>
    <property name="com.zaxxer.hikari.pool_number" value="1"/>
    <property name="java.version" value="21.0.3"/>
    <property name="user.dir" value="/home/ttpl-lnv14-08/Downloads/Jarvis"/>
    <property name="os.arch" value="amd64"/>
    <property name="java.vm.specification.name" value="Java Virtual Machine Specification"/>
    <property name="PID" value="113175"/>
    <property name="CONSOLE_LOG_CHARSET" value="UTF-8"/>
    <property name="native.encoding" value="UTF-8"/>
    <property name="java.library.path" value="/usr/java/packages/lib:/usr/lib64:/lib64:/lib:/usr/lib"/>
    <property name="java.vm.info" value="mixed mode, sharing"/>
    <property name="stderr.encoding" value="UTF-8"/>
    <property name="java.vendor" value="Oracle Corporation"/>
    <property name="java.vm.version" value="21.0.3+7-LTS-152"/>
    <property name="sun.io.unicode.encoding" value="UnicodeLittle"/>
    <property name="java.class.version" value="65.0"/>
    <property name="LOGGED_APPLICATION_NAME" value="[USER-SERVICE] "/>
  </properties>
  <testcase name="contextLoads" classname="com.example.jarvis.JarvisApplicationTests" time="0.477">
    <system-out><![CDATA[17:12:55.050 [main] INFO org.springframework.test.context.support.AnnotationConfigContextLoaderUtils -- Could not detect default configuration classes for test class [com.example.jarvis.JarvisApplicationTests]: JarvisApplicationTests does not declare any static, non-private, non-final, nested classes annotated with @Configuration.
17:12:55.155 [main] INFO org.springframework.boot.test.context.SpringBootTestContextBootstrapper -- Found @SpringBootConfiguration com.example.jarvis.JarvisApplication for test class com.example.jarvis.JarvisApplicationTests
17:12:55.293 [main] INFO org.springframework.boot.devtools.restart.RestartApplicationListener -- Restart disabled due to context in which it is running

  .   ____          _            __ _ _
 /\\ / ___'_ __ _ _(_)_ __  __ _ \ \ \ \
( ( )\___ | '_ | '_| | '_ \/ _` | \ \ \ \
 \\/  ___)| |_)| | | | | || (_| |  ) ) ) )
  '  |____| .__|_| |_|_| |_\__, | / / / /
 =========|_|==============|___/=/_/_/_/

 :: Spring Boot ::                (v3.3.2)

2024-08-01T17:12:55.642+05:30  INFO 113175 --- [USER-SERVICE] [           main] c.example.jarvis.JarvisApplicationTests  : Starting JarvisApplicationTests using Java 21.0.3 with PID 113175 (started by ttpl-lnv14-08 in /home/ttpl-lnv14-08/Downloads/Jarvis)
2024-08-01T17:12:55.644+05:30  INFO 113175 --- [USER-SERVICE] [           main] c.example.jarvis.JarvisApplicationTests  : No active profile set, falling back to 1 default profile: "default"
2024-08-01T17:12:56.885+05:30  INFO 113175 --- [USER-SERVICE] [           main] .s.d.r.c.RepositoryConfigurationDelegate : Bootstrapping Spring Data JPA repositories in DEFAULT mode.
2024-08-01T17:12:57.038+05:30  INFO 113175 --- [USER-SERVICE] [           main] .s.d.r.c.RepositoryConfigurationDelegate : Finished Spring Data repository scanning in 147 ms. Found 4 JPA repository interfaces.
2024-08-01T17:12:57.340+05:30  INFO 113175 --- [USER-SERVICE] [           main] o.s.cloud.context.scope.GenericScope     : BeanFactory id=767b53b4-b38a-3cfa-af7b-f58249101784
2024-08-01T17:12:57.681+05:30  WARN 113175 --- [USER-SERVICE] [           main] trationDelegate$BeanPostProcessorChecker : Bean 'org.springframework.cloud.client.loadbalancer.LoadBalancerAutoConfiguration$DeferringLoadBalancerInterceptorConfig' of type [org.springframework.cloud.client.loadbalancer.LoadBalancerAutoConfiguration$DeferringLoadBalancerInterceptorConfig] is not eligible for getting processed by all BeanPostProcessors (for example: not eligible for auto-proxying). The currently created BeanPostProcessor [lbRestClientPostProcessor] is declared through a non-static factory method on that class; consider declaring it as static instead.
2024-08-01T17:12:57.686+05:30  WARN 113175 --- [USER-SERVICE] [           main] trationDelegate$BeanPostProcessorChecker : Bean 'deferringLoadBalancerInterceptor' of type [org.springframework.cloud.client.loadbalancer.DeferringLoadBalancerInterceptor] is not eligible for getting processed by all BeanPostProcessors (for example: not eligible for auto-proxying). Is this bean getting eagerly injected into a currently created BeanPostProcessor [lbRestClientPostProcessor]? Check the corresponding BeanPostProcessor declaration and its dependencies.
2024-08-01T17:12:57.861+05:30  INFO 113175 --- [USER-SERVICE] [           main] com.zaxxer.hikari.HikariDataSource       : HikariPool-1 - Starting...
2024-08-01T17:12:58.020+05:30  INFO 113175 --- [USER-SERVICE] [           main] com.zaxxer.hikari.pool.HikariPool        : HikariPool-1 - Added connection org.postgresql.jdbc.PgConnection@68454ed5
2024-08-01T17:12:58.022+05:30  INFO 113175 --- [USER-SERVICE] [           main] com.zaxxer.hikari.HikariDataSource       : HikariPool-1 - Start completed.
2024-08-01T17:12:58.162+05:30  INFO 113175 --- [USER-SERVICE] [           main] liquibase.database                       : Set default schema name to public
2024-08-01T17:12:58.518+05:30  INFO 113175 --- [USER-SERVICE] [           main] liquibase.changelog                      : Reading from public.databasechangelog
2024-08-01T17:12:58.559+05:30  INFO 113175 --- [USER-SERVICE] [           main] liquibase.ui                             : Database is up to date, no changesets to execute
2024-08-01T17:12:58.560+05:30  INFO 113175 --- [USER-SERVICE] [           main] liquibase.changelog                      : Reading from public.databasechangelog
2024-08-01T17:12:58.567+05:30  INFO 113175 --- [USER-SERVICE] [           main] liquibase.util                           : UPDATE SUMMARY
2024-08-01T17:12:58.567+05:30  INFO 113175 --- [USER-SERVICE] [           main] liquibase.util                           : Run:                          0
2024-08-01T17:12:58.567+05:30  INFO 113175 --- [USER-SERVICE] [           main] liquibase.util                           : Previously run:               5
2024-08-01T17:12:58.567+05:30  INFO 113175 --- [USER-SERVICE] [           main] liquibase.util                           : Filtered out:                 0
2024-08-01T17:12:58.567+05:30  INFO 113175 --- [USER-SERVICE] [           main] liquibase.util                           : -------------------------------
2024-08-01T17:12:58.567+05:30  INFO 113175 --- [USER-SERVICE] [           main] liquibase.util                           : Total change sets:            5
2024-08-01T17:12:58.568+05:30  INFO 113175 --- [USER-SERVICE] [           main] liquibase.util                           : Update summary generated
2024-08-01T17:12:58.594+05:30  INFO 113175 --- [USER-SERVICE] [           main] liquibase.lockservice                    : Successfully released change log lock
2024-08-01T17:12:58.595+05:30  INFO 113175 --- [USER-SERVICE] [           main] liquibase.command                        : Command execution complete
2024-08-01T17:12:58.696+05:30  INFO 113175 --- [USER-SERVICE] [           main] o.hibernate.jpa.internal.util.LogHelper  : HHH000204: Processing PersistenceUnitInfo [name: default]
2024-08-01T17:12:58.739+05:30  INFO 113175 --- [USER-SERVICE] [           main] org.hibernate.Version                    : HHH000412: Hibernate ORM core version 6.5.2.Final
2024-08-01T17:12:58.765+05:30  INFO 113175 --- [USER-SERVICE] [           main] o.h.c.internal.RegionFactoryInitiator    : HHH000026: Second-level cache disabled
2024-08-01T17:12:59.045+05:30  INFO 113175 --- [USER-SERVICE] [           main] o.s.o.j.p.SpringPersistenceUnitInfo      : No LoadTimeWeaver setup: ignoring JPA class transformer
2024-08-01T17:12:59.867+05:30  INFO 113175 --- [USER-SERVICE] [           main] o.h.e.t.j.p.i.JtaPlatformInitiator       : HHH000489: No JTA platform available (set 'hibernate.transaction.jta.platform' to enable JTA platform integration)
2024-08-01T17:12:59.869+05:30  INFO 113175 --- [USER-SERVICE] [           main] j.LocalContainerEntityManagerFactoryBean : Initialized JPA EntityManagerFactory for persistence unit 'default'
2024-08-01T17:13:00.312+05:30  WARN 113175 --- [USER-SERVICE] [           main] JpaBaseConfiguration$JpaWebConfiguration : spring.jpa.open-in-view is enabled by default. Therefore, database queries may be performed during view rendering. Explicitly configure spring.jpa.open-in-view to disable this warning
2024-08-01T17:13:00.518+05:30  INFO 113175 --- [USER-SERVICE] [           main] o.s.c.openfeign.FeignClientFactoryBean   : For 'ACCOUNT-SERVICE' URL not provided. Will try picking an instance via load-balancing.
2024-08-01T17:13:02.481+05:30  INFO 113175 --- [USER-SERVICE] [           main] o.s.b.a.e.web.EndpointLinksResolver      : Exposing 1 endpoint beneath base path '/actuator'
2024-08-01T17:13:03.242+05:30  INFO 113175 --- [USER-SERVICE] [           main] DiscoveryClientOptionalArgsConfiguration : Eureka HTTP Client uses RestTemplate.
2024-08-01T17:13:03.287+05:30  WARN 113175 --- [USER-SERVICE] [           main] iguration$LoadBalancerCaffeineWarnLogger : Spring Cloud LoadBalancer is currently working with the default cache. While this cache implementation is useful for development and tests, it's recommended to use Caffeine cache in production.You can switch to using Caffeine cache, by adding it and org.springframework.cache.caffeine.CaffeineCacheManager to the classpath.
2024-08-01T17:13:03.354+05:30  INFO 113175 --- [USER-SERVICE] [           main] o.s.c.n.eureka.InstanceInfoFactory       : Setting initial instance status as: STARTING
2024-08-01T17:13:03.375+05:30  INFO 113175 --- [USER-SERVICE] [           main] com.netflix.discovery.DiscoveryClient    : Initializing Eureka in region us-east-1
2024-08-01T17:13:03.379+05:30  INFO 113175 --- [USER-SERVICE] [           main] c.n.d.s.r.aws.ConfigClusterResolver      : Resolving eureka endpoints via configuration
2024-08-01T17:13:03.387+05:30  INFO 113175 --- [USER-SERVICE] [           main] com.netflix.discovery.DiscoveryClient    : Disable delta property : false
2024-08-01T17:13:03.388+05:30  INFO 113175 --- [USER-SERVICE] [           main] com.netflix.discovery.DiscoveryClient    : Single vip registry refresh property : null
2024-08-01T17:13:03.388+05:30  INFO 113175 --- [USER-SERVICE] [           main] com.netflix.discovery.DiscoveryClient    : Force full registry fetch : false
2024-08-01T17:13:03.388+05:30  INFO 113175 --- [USER-SERVICE] [           main] com.netflix.discovery.DiscoveryClient    : Application is null : false
2024-08-01T17:13:03.388+05:30  INFO 113175 --- [USER-SERVICE] [           main] com.netflix.discovery.DiscoveryClient    : Registered Applications size is zero : true
2024-08-01T17:13:03.388+05:30  INFO 113175 --- [USER-SERVICE] [           main] com.netflix.discovery.DiscoveryClient    : Application version is -1: true
2024-08-01T17:13:03.388+05:30  INFO 113175 --- [USER-SERVICE] [           main] com.netflix.discovery.DiscoveryClient    : Getting all instance registry info from the eureka server
2024-08-01T17:13:03.716+05:30  INFO 113175 --- [USER-SERVICE] [           main] com.netflix.discovery.DiscoveryClient    : The response status is 200
2024-08-01T17:13:03.719+05:30  INFO 113175 --- [USER-SERVICE] [           main] com.netflix.discovery.DiscoveryClient    : Starting heartbeat executor: renew interval is: 30
2024-08-01T17:13:03.721+05:30  INFO 113175 --- [USER-SERVICE] [           main] c.n.discovery.InstanceInfoReplicator     : InstanceInfoReplicator onDemand update allowed rate per min is 4
2024-08-01T17:13:03.723+05:30  INFO 113175 --- [USER-SERVICE] [           main] com.netflix.discovery.DiscoveryClient    : Discovery Client initialized at timestamp 1722512583722 with initial instances count: 3
2024-08-01T17:13:03.733+05:30  INFO 113175 --- [USER-SERVICE] [           main] o.s.c.n.e.s.EurekaServiceRegistry        : Registering application USER-SERVICE with eureka with status UP
2024-08-01T17:13:03.734+05:30  INFO 113175 --- [USER-SERVICE] [           main] com.netflix.discovery.DiscoveryClient    : Saw local status change event StatusChangeEvent [timestamp=1722512583734, current=UP, previous=STARTING]
2024-08-01T17:13:03.735+05:30  INFO 113175 --- [USER-SERVICE] [foReplicator-%d] com.netflix.discovery.DiscoveryClient    : DiscoveryClient_USER-SERVICE/192.168.10.170:USER-SERVICE:9898: registering service...
2024-08-01T17:13:03.764+05:30  INFO 113175 --- [USER-SERVICE] [           main] c.example.jarvis.JarvisApplicationTests  : Started JarvisApplicationTests in 8.49 seconds (process running for 9.443)
2024-08-01T17:13:03.776+05:30  INFO 113175 --- [USER-SERVICE] [foReplicator-%d] com.netflix.discovery.DiscoveryClient    : DiscoveryClient_USER-SERVICE/192.168.10.170:USER-SERVICE:9898 - registration status: 204
]]></system-out>
    <system-err><![CDATA[WARNING: A Java agent has been loaded dynamically (/home/ttpl-lnv14-08/.m2/repository/net/bytebuddy/byte-buddy-agent/1.14.18/byte-buddy-agent-1.14.18.jar)
WARNING: If a serviceability tool is in use, please run with -XX:+EnableDynamicAgentLoading to hide this warning
WARNING: If a serviceability tool is not in use, please run with -Djdk.instrument.traceUsage for more information
WARNING: Dynamic loading of agents will be disallowed by default in a future release
]]></system-err>
  </testcase>
</testsuite>